<?xml version="1.0" encoding="UTF-8"?>
<coverage generated="1684972926320" clover="3.2.0">
  <project timestamp="1684972926320" name="All files">
    <metrics statements="18" coveredstatements="11" conditionals="10" coveredconditionals="10" methods="6" coveredmethods="2" elements="34" coveredelements="23" complexity="0" loc="18" ncloc="18" packages="1" files="1" classes="1"/>
    <file name="Form.js" path="/Users/liana/lighthouse/web-development/w8d2/scheduler/src/components/Appointment/Form.js">
      <metrics statements="18" coveredstatements="11" conditionals="10" coveredconditionals="10" methods="6" coveredmethods="2"/>
      <line num="7" count="6" type="cond" truecount="2" falsecount="0"/>
      <line num="8" count="6" type="cond" truecount="2" falsecount="0"/>
      <line num="9" count="6" type="stmt"/>
      <line num="12" count="0" type="stmt"/>
      <line num="13" count="0" type="stmt"/>
      <line num="14" count="0" type="stmt"/>
      <line num="18" count="0" type="stmt"/>
      <line num="19" count="0" type="stmt"/>
      <line num="23" count="3" type="cond" truecount="2" falsecount="0"/>
      <line num="24" count="1" type="stmt"/>
      <line num="25" count="1" type="stmt"/>
      <line num="27" count="2" type="cond" truecount="2" falsecount="0"/>
      <line num="28" count="1" type="stmt"/>
      <line num="31" count="1" type="stmt"/>
      <line num="32" count="1" type="stmt"/>
      <line num="35" count="6" type="stmt"/>
      <line num="38" count="0" type="stmt"/>
      <line num="46" count="0" type="stmt"/>
    </file>
  </project>
</coverage>
