TN:
SF:/Users/liana/lighthouse/web-development/w8d2/scheduler/src/components/Appointment/Form.js
FN:6,Form
FN:11,reset
FN:17,cancel
FN:22,validate
FN:38,(anonymous_4)
FN:45,(anonymous_5)
FNF:6
FNH:2
FNDA:6,Form
FNDA:0,reset
FNDA:0,cancel
FNDA:3,validate
FNDA:0,(anonymous_4)
FNDA:0,(anonymous_5)
DA:7,6
DA:8,6
DA:9,6
DA:12,0
DA:13,0
DA:14,0
DA:18,0
DA:19,0
DA:23,3
DA:24,1
DA:25,1
DA:27,2
DA:28,1
DA:31,1
DA:32,1
DA:35,6
DA:38,0
DA:46,0
LF:18
LH:11
BRDA:7,0,0,6
BRDA:7,0,1,3
BRDA:8,1,0,6
BRDA:8,1,1,5
BRDA:23,2,0,1
BRDA:23,2,1,2
BRDA:27,3,0,1
BRDA:27,3,1,1
BRDA:57,4,0,6
BRDA:57,4,1,5
BRF:10
BRH:10
end_of_record
